This is pdfTeXk, Version 3.141592-1.40.3 (Web2C 7.5.6) (format=pdflatex 2008.7.28)  16 JUL 2010 13:08
entering extended mode
 %&-line parsing enabled.
**paper
(./paper.tex
LaTeX2e <2005/12/01>
Babel <v3.8h> and hyphenation patterns for english, usenglishmax, dumylang, noh
yphenation, arabic, basque, bulgarian, coptic, welsh, czech, slovak, german, ng
erman, danish, esperanto, spanish, catalan, galician, estonian, farsi, finnish,
 french, greek, monogreek, ancientgreek, croatian, hungarian, interlingua, ibyc
us, indonesian, icelandic, italian, latin, mongolian, dutch, norsk, polish, por
tuguese, pinyin, romanian, russian, slovenian, uppersorbian, serbian, swedish, 
turkish, ukenglish, ukrainian, loaded.
(./mn2e.cls
Document Class: mn2e 2001/02/06 v2.2 LaTeX2e MN document class
Document Style `MN' v2.2, released 2001 February 20
\math@groups=\toks14
LaTeX Font Info:    Overwriting symbol font `symbols' in version `bold'
(Font)                  OMS/cmsy/b/n --> OMS/cmsy/b/n on input line 223.
\symbmisymbols=\mathgroup4
\symUPM=\mathgroup5
LaTeX Font Info:    Overwriting symbol font `UPM' in version `bold'
(Font)                  U/eur/m/n --> U/eur/b/n on input line 260.
\symAMSa=\mathgroup6
\SFB@measure=\dimen102
\realparindent=\skip41
\c@part=\count79
\c@section=\count80
\c@subsection=\count81
\c@subsubsection=\count82
\c@paragraph=\count83
\c@subparagraph=\count84
\@indentskip=\skip42
\smallindent=\skip43
\@footindent=\skip44
\@leftskip=\skip45
\c@dummy=\count85
(/usr/local/texlive/2007/texmf-dist/tex/latex/natbib/natbib.sty
Package: natbib 2007/02/05 8.0 (PWD)
\bibhang=\skip46
\bibsep=\skip47
LaTeX Info: Redefining \cite on input line 602.
\c@NAT@ctr=\count86
)
\c@table=\count87
\c@figure=\count88
\mathindent=\dimen103
)
(/usr/local/texlive/2007/texmf-dist/tex/latex/graphics/lscape.sty
Package: lscape 2000/10/22 v3.01 Landscape Pages (DPC)

(/usr/local/texlive/2007/texmf-dist/tex/latex/graphics/graphics.sty
Package: graphics 2006/02/20 v1.0o Standard LaTeX Graphics (DPC,SPQR)

(/usr/local/texlive/2007/texmf-dist/tex/latex/graphics/trig.sty
Package: trig 1999/03/16 v1.09 sin cos tan (DPC)
)
(/usr/local/texlive/2007/texmf/tex/latex/config/graphics.cfg
File: graphics.cfg 2007/01/18 v1.5 graphics configuration of teTeX/TeXLive
)
Package graphics Info: Driver file: pdftex.def on input line 90.

(/usr/local/texlive/2007/texmf-dist/tex/latex/pdftex-def/pdftex.def
File: pdftex.def 2007/01/08 v0.04d Graphics/color for pdfTeX
\Gread@gobject=\count89
)))
(/usr/local/texlive/2007/texmf-dist/tex/latex/graphics/graphicx.sty
Package: graphicx 1999/02/16 v1.0f Enhanced LaTeX Graphics (DPC,SPQR)

(/usr/local/texlive/2007/texmf-dist/tex/latex/graphics/keyval.sty
Package: keyval 1999/03/16 v1.13 key=value parser (DPC)
\KV@toks@=\toks15
)
\Gin@req@height=\dimen104
\Gin@req@width=\dimen105
)
(/usr/local/texlive/2007/texmf-dist/tex/latex/subfigure/subfigure.sty
Package: subfigure 2002/03/15 v2.1.5 subfigure package


Package subfigure Warning: Your document class has a bad definition
 of \endfigure, most likely
 \let\endfigure=\end@float
 which has now been changed to
 \def\endfigure{\end@float}
 because otherwise subsequent changes to \end@float
 (like done by several packages changing float behaviour)
 can't take effect on \endfigure.
 Please complain to your document class author.


Package subfigure Warning: Your document class has a bad definition
 of \endtable, most likely
 \let\endtable=\end@float
 which has now been changed to
 \def\endtable{\end@float}
 because otherwise subsequent changes to \end@float
 (like done by several packages changing float behaviour)
 can't take effect on \endtable.
 Please complain to your document class author.

\subfigtopskip=\skip48
\subfigcapskip=\skip49
\subfigcaptopadj=\dimen106
\subfigbottomskip=\skip50
\subfigcapmargin=\dimen107
\subfiglabelskip=\skip51
\c@subfigure=\count90
\c@lofdepth=\count91
\c@subtable=\count92
\c@lotdepth=\count93
****************************************
* Local config file subfigure.cfg used *
****************************************
(/usr/local/texlive/2007/texmf-dist/tex/latex/subfigure/subfigure.cfg)
\subfig@top=\skip52
\subfig@bottom=\skip53
)
(/usr/local/texlive/2007/texmf-dist/tex/latex/multirow/multirow.sty
\bigstrutjot=\dimen108
)
(./paper.aux)
\openout1 = `paper.aux'.

LaTeX Font Info:    Checking defaults for OML/cmm/m/it on input line 61.
LaTeX Font Info:    ... okay on input line 61.
LaTeX Font Info:    Checking defaults for T1/cmr/m/n on input line 61.
LaTeX Font Info:    ... okay on input line 61.
LaTeX Font Info:    Checking defaults for OT1/cmr/m/n on input line 61.
LaTeX Font Info:    ... okay on input line 61.
LaTeX Font Info:    Checking defaults for OMS/cmsy/m/n on input line 61.
LaTeX Font Info:    ... okay on input line 61.
LaTeX Font Info:    Checking defaults for OMX/cmex/m/n on input line 61.
LaTeX Font Info:    ... okay on input line 61.
LaTeX Font Info:    Checking defaults for U/cmr/m/n on input line 61.
LaTeX Font Info:    ... okay on input line 61.
 (/usr/local/texlive/2007/texmf-dist/tex/context/base/supp-pdf.tex
[Loading MPS to PDF converter (version 2006.09.02).]
\scratchcounter=\count94
\scratchdimen=\dimen109
\scratchbox=\box26
\nofMPsegments=\count95
\nofMParguments=\count96
\MPscratchCnt=\count97
\MPscratchDim=\dimen110
\MPnumerator=\count98
\everyMPtoPDFconversion=\toks16
)
LaTeX Font Info:    External font `cmex10' loaded for size
(Font)              <14.4> on input line 69.
LaTeX Font Info:    External font `cmex10' loaded for size
(Font)              <7> on input line 69.
LaTeX Font Info:    Try loading font information for U+eur on input line 69.
 (/usr/local/texlive/2007/texmf-dist/tex/latex/amsfonts/ueur.fd
File: ueur.fd 2002/01/19 v2.2g AMS font definitions
)
LaTeX Font Info:    Try loading font information for U+msa on input line 69.

(/usr/local/texlive/2007/texmf-dist/tex/latex/amsfonts/umsa.fd
File: umsa.fd 2002/01/19 v2.2g AMS font definitions
)
Underfull \hbox (badness 10000) in paragraph at lines 73--74

 []

LaTeX Font Info:    External font `cmex10' loaded for size
(Font)              <5> on input line 82.
LaTeX Font Info:    External font `cmex10' loaded for size
(Font)              <8> on input line 102.
LaTeX Font Info:    External font `cmex10' loaded for size
(Font)              <6> on input line 102.
LaTeX Font Info:    External font `cmex10' loaded for size
(Font)              <9> on input line 147.

Underfull \vbox (badness 10000) has occurred while \output is active []

LaTeX Font Info:    Try loading font information for OMS+cmr on input line 164.


(/usr/local/texlive/2007/texmf-dist/tex/latex/base/omscmr.fd
File: omscmr.fd 1999/05/25 v2.5h Standard LaTeX font definitions
)
LaTeX Font Info:    Font shape `OMS/cmr/m/n' in size <8> not available
(Font)              Font shape `OMS/cmsy/m/n' tried instead on input line 164.
 [1{/usr/local/texlive/2007/texmf-var/fonts/map/pdftex/updmap/pdftex.map}


]

LaTeX Warning: Command \r invalid in math mode on input line 226.

[2] [3] <./Fig/albedo.pdf, id=37, 614.295pt x 794.97pt>
File: ./Fig/albedo.pdf Graphic file (type pdf)
 <use ./Fig/albedo.pdf>
[4 <./Fig/albedo.pdf>] [5] [6]
<./Fig/flare_-12_183.pdf, id=52, 614.295pt x 794.97pt>
File: ./Fig/flare_-12_183.pdf Graphic file (type pdf)

<use ./Fig/flare_-12_183.pdf>
<./Fig/flare_-7_193.pdf, id=53, 614.295pt x 794.97pt>
File: ./Fig/flare_-7_193.pdf Graphic file (type pdf)

<use ./Fig/flare_-7_193.pdf> [7] [8 <./Fig/flare_-12_183.pdf> <./Fig/flare_-7_1
93.pdf>] <./Fig/inner_temp.pdf, id=70, 614.295pt x 794.97pt>
File: ./Fig/inner_temp.pdf Graphic file (type pdf)

<use ./Fig/inner_temp.pdf>
<./Fig/no_sub_183_density.pdf, id=71, 614.295pt x 794.97pt>
File: ./Fig/no_sub_183_density.pdf Graphic file (type pdf)

<use ./Fig/no_sub_183_density.pdf>
<./Fig/no_sub_183_temp.pdf, id=72, 614.295pt x 794.97pt>
File: ./Fig/no_sub_183_temp.pdf Graphic file (type pdf)

<use ./Fig/no_sub_183_temp.pdf>
<./Fig/sub_179_density.pdf, id=73, 614.295pt x 794.97pt>
File: ./Fig/sub_179_density.pdf Graphic file (type pdf)

<use ./Fig/sub_179_density.pdf>
<./Fig/sub_179_temp.pdf, id=74, 614.295pt x 794.97pt>
File: ./Fig/sub_179_temp.pdf Graphic file (type pdf)

<use ./Fig/sub_179_temp.pdf>
<./Fig/sub_181_density.pdf, id=75, 614.295pt x 794.97pt>
File: ./Fig/sub_181_density.pdf Graphic file (type pdf)

<use ./Fig/sub_181_density.pdf>
<./Fig/sub_181_temp.pdf, id=76, 614.295pt x 794.97pt>
File: ./Fig/sub_181_temp.pdf Graphic file (type pdf)

<use ./Fig/sub_181_temp.pdf> [9]
<./Fig/acc_dom.pdf, id=80, 614.295pt x 794.97pt>
File: ./Fig/acc_dom.pdf Graphic file (type pdf)
 <use ./Fig/acc_dom.pdf>

LaTeX Warning: Command \r invalid in math mode on input line 1108.


LaTeX Warning: Command \r invalid in math mode on input line 1108.


Underfull \vbox (badness 10000) has occurred while \output is active []

 [10 <./Fig/inner_temp.pdf>]
Underfull \vbox (badness 10000) has occurred while \output is active []


<./Fig/flare_inc.pdf, id=87, 614.295pt x 794.97pt>
File: ./Fig/flare_inc.pdf Graphic file (type pdf)
 <use ./Fig/flare_inc.pdf>
Underfull \vbox (badness 10000) has occurred while \output is active []

 [11 <./Fig/no_sub_183_density.pdf> <./Fig/no_sub_183_temp.pdf> <./Fig/sub_179_
density.pdf> <./Fig/sub_179_temp.pdf> <./Fig/sub_181_density.pdf> <./Fig/sub_18
1_temp.pdf>] <./Fig/flare_mag.pdf, id=115, 614.295pt x 794.97pt>
File: ./Fig/flare_mag.pdf Graphic file (type pdf)

<use ./Fig/flare_mag.pdf>
Underfull \vbox (badness 10000) has occurred while \output is active []


Underfull \vbox (badness 10000) has occurred while \output is active []

 [12 <./Fig/acc_dom.pdf>]
Underfull \vbox (badness 10000) has occurred while \output is active []

 [13 <./Fig/flare_inc.pdf>]
Underfull \vbox (badness 10000) has occurred while \output is active []

 [14 <./Fig/flare_mag.pdf>] <./Fig/age_mass_VVI.pdf, id=135, 614.295pt x 794.97
pt>
File: ./Fig/age_mass_VVI.pdf Graphic file (type pdf)

<use ./Fig/age_mass_VVI.pdf>
<./Fig/age_mass_JJK.pdf, id=136, 614.295pt x 794.97pt>
File: ./Fig/age_mass_JJK.pdf Graphic file (type pdf)

<use ./Fig/age_mass_JJK.pdf>
Underfull \vbox (badness 10000) has occurred while \output is active []

 [15]
Underfull \vbox (badness 10000) has occurred while \output is active []


<./Fig/disc_frac_JHJK.pdf, id=140, 614.295pt x 794.97pt>
File: ./Fig/disc_frac_JHJK.pdf Graphic file (type pdf)

<use ./Fig/disc_frac_JHJK.pdf>
Underfull \vbox (badness 10000) has occurred while \output is active []

 [16 <./Fig/age_mass_VVI.pdf>] <./Fig/disc_frac_irac.pdf, id=148, 614.295pt x 7
94.97pt>
File: ./Fig/disc_frac_irac.pdf Graphic file (type pdf)

<use ./Fig/disc_frac_irac.pdf>
<./Fig/disc_frac_mips.pdf, id=149, 614.295pt x 794.97pt>
File: ./Fig/disc_frac_mips.pdf Graphic file (type pdf)

<use ./Fig/disc_frac_mips.pdf>
Underfull \vbox (badness 10000) has occurred while \output is active []


Underfull \vbox (badness 10000) has occurred while \output is active []

 [17 <./Fig/age_mass_JJK.pdf>] <./Fig/disc_cuts.pdf, id=156, 614.295pt x 794.97
pt>
File: ./Fig/disc_cuts.pdf Graphic file (type pdf)

<use ./Fig/disc_cuts.pdf>
Overfull \hbox (12.72438pt too wide) in paragraph at lines 1666--1677
 [][] 
 []


Underfull \vbox (badness 10000) has occurred while \output is active []

 [18 <./Fig/disc_frac_JHJK.pdf>]
Underfull \vbox (badness 10000) has occurred while \output is active []

 [19 <./Fig/disc_frac_irac.pdf>]
Underfull \vbox (badness 10000) has occurred while \output is active []

 [20 <./Fig/disc_frac_mips.pdf>]
Underfull \vbox (badness 10000) has occurred while \output is active []


Underfull \vbox (badness 10000) has occurred while \output is active []

 [21 <./Fig/disc_cuts.pdf>]
Underfull \vbox (badness 10000) has occurred while \output is active []


Underfull \hbox (badness 1019) in paragraph at lines 1896--1900
\OT1/cmr/m/n/9 8200. NJM and TJH were sup-ported by STFC grant
 []

(./paper.bbl [22] [23]) [24]
Overfull \hbox (3.05045pt too wide) in paragraph at lines 2020--2020
$[]$ []\OT1/cmr/m/n/8 http://ssc.spitzer.caltech.edu/documents/som/som8.0.irac.
pdf| 
 []

[25] (./paper.aux) ) 
Here is how much of TeX's memory you used:
 1902 strings out of 94073
 24458 string characters out of 1162984
 93661 words of memory out of 1500000
 5162 multiletter control sequences out of 10000+50000
 17047 words of font info for 59 fonts, out of 1200000 for 2000
 645 hyphenation exceptions out of 8191
 31i,14n,34p,1618b,405s stack positions out of 5000i,500n,6000p,200000b,5000s
</usr/local/texlive/2007/texmf-dist/fonts/type1/bluesky/cm/
cmbx10.pfb></usr/local/texlive/2007/texmf-dist/fonts/type1/bluesky/cm/cmbx12.pf
b></usr/local/texlive/2007/texmf-dist/fonts/type1/bluesky/cm/cmbx8.pfb></usr/lo
cal/texlive/2007/texmf-dist/fonts/type1/bluesky/cm/cmbx9.pfb></usr/local/texliv
e/2007/texmf-dist/fonts/type1/bluesky/cm/cmcsc10.pfb></usr/local/texlive/2007/t
exmf-dist/fonts/type1/bluesky/cm/cmex10.pfb></usr/local/texlive/2007/texmf-dist
/fonts/type1/bluesky/cm/cmmi10.pfb></usr/local/texlive/2007/texmf-dist/fonts/ty
pe1/bluesky/cm/cmmi5.pfb></usr/local/texlive/2007/texmf-dist/fonts/type1/bluesk
y/cm/cmmi6.pfb></usr/local/texlive/2007/texmf-dist/fonts/type1/bluesky/cm/cmmi8
.pfb></usr/local/texlive/2007/texmf-dist/fonts/type1/bluesky/cm/cmmi9.pfb></usr
/local/texlive/2007/texmf-dist/fonts/type1/bluesky/cm/cmr10.pfb></usr/local/tex
live/2007/texmf-dist/fonts/type1/bluesky/cm/cmr12.pfb></usr/local/texlive/2007/
texmf-dist/fonts/type1/bluesky/cm/cmr5.pfb></usr/local/texlive/2007/texmf-dist/
fonts/type1/bluesky/cm/cmr6.pfb></usr/local/texlive/2007/texmf-dist/fonts/type1
/bluesky/cm/cmr7.pfb></usr/local/texlive/2007/texmf-dist/fonts/type1/bluesky/cm
/cmr8.pfb></usr/local/texlive/2007/texmf-dist/fonts/type1/bluesky/cm/cmr9.pfb><
/usr/local/texlive/2007/texmf-dist/fonts/type1/bluesky/cm/cmsy10.pfb></usr/loca
l/texlive/2007/texmf-dist/fonts/type1/bluesky/cm/cmsy5.pfb></usr/local/texlive/
2007/texmf-dist/fonts/type1/bluesky/cm/cmsy6.pfb></usr/local/texlive/2007/texmf
-dist/fonts/type1/bluesky/cm/cmsy7.pfb></usr/local/texlive/2007/texmf-dist/font
s/type1/bluesky/cm/cmsy8.pfb></usr/local/texlive/2007/texmf-dist/fonts/type1/bl
uesky/cm/cmsy9.pfb></usr/local/texlive/2007/texmf-dist/fonts/type1/bluesky/cm/c
mti12.pfb></usr/local/texlive/2007/texmf-dist/fonts/type1/bluesky/cm/cmti8.pfb>
</usr/local/texlive/2007/texmf-dist/fonts/type1/bluesky/cm/cmti9.pfb></usr/loca
l/texlive/2007/texmf-dist/fonts/type1/bluesky/ams/msam10.pfb></usr/local/texliv
e/2007/texmf-dist/fonts/type1/bluesky/ams/msam7.pfb>
Output written on paper.pdf (25 pages, 1601129 bytes).
PDF statistics:
 285 PDF objects out of 1000 (max. 8388607)
 0 named destinations out of 1000 (max. 131072)
 96 words of extra memory for PDF output out of 10000 (max. 10000000)

