This is pdfeTeX, Version 3.141592-1.21a-2.2 (Web2C 7.5.4) (format=latex 2005.9.13)  25 JAN 2006 01:07
entering extended mode
**kurosawa
(./kurosawa.tex
LaTeX2e <2003/12/01>
Babel <v3.8d> and hyphenation patterns for american, french, german, ngerman, b
ahasa, basque, bulgarian, catalan, croatian, czech, danish, dutch, esperanto, e
stonian, finnish, greek, icelandic, irish, italian, latin, magyar, norsk, polis
h, portuges, romanian, russian, serbian, slovak, slovene, spanish, swedish, tur
kish, ukrainian, nohyphenation, loaded.
(./mn2e.cls
Document Class: mn2e 2001/02/06 v2.2 LaTeX2e MN document class
Document Style `MN' v2.2, released 2001 February 20
\math@groups=\toks14
LaTeX Font Info:    Overwriting symbol font `symbols' in version `bold'
(Font)                  OMS/cmsy/b/n --> OMS/cmsy/b/n on input line 223.
\symbmisymbols=\mathgroup4
\symUPM=\mathgroup5
LaTeX Font Info:    Overwriting symbol font `UPM' in version `bold'
(Font)                  U/eur/m/n --> U/eur/b/n on input line 260.
\symAMSa=\mathgroup6
\SFB@measure=\dimen102
\realparindent=\skip41
\c@part=\count79
\c@section=\count80
\c@subsection=\count81
\c@subsubsection=\count82
\c@paragraph=\count83
\c@subparagraph=\count84
\@indentskip=\skip42
\smallindent=\skip43
\@footindent=\skip44
\@leftskip=\skip45
\c@dummy=\count85
(/home/rk/lib/latex/AASTEX50/natbib.sty
Package: natbib 1998/07/14 6.8c (PWD)
\bibhang=\skip46
\bibsep=\skip47
LaTeX Info: Redefining \cite on input line 467.
\c@NAT@ctr=\count86
)
\c@table=\count87
\c@figure=\count88
\mathindent=\dimen103
)
(/usr/share/texmf/tex/latex/base/fontenc.sty
Package: fontenc 2004/02/22 v1.99f Standard LaTeX package

(/usr/share/texmf/tex/latex/base/t1enc.def
File: t1enc.def 2004/02/22 v1.99f Standard LaTeX file
LaTeX Font Info:    Redeclaring font encoding T1 on input line 43.
))
(/usr/share/texmf/tex/latex/base/inputenc.sty
Package: inputenc 2004/02/05 v1.0d Input encoding file

(/usr/share/texmf/tex/latex/base/latin1.def
File: latin1.def 2004/02/05 v1.0d Input encoding file
))
(/usr/share/texmf/tex/latex/psnfss/times.sty
Package: times 2004/09/15 PSNFSS-v9.2 (SPQR) 
)
(/usr/share/texmf/tex/latex/graphics/graphicx.sty
Package: graphicx 1999/02/16 v1.0f Enhanced LaTeX Graphics (DPC,SPQR)

(/usr/share/texmf/tex/latex/graphics/keyval.sty
Package: keyval 1999/03/16 v1.13 key=value parser (DPC)
\KV@toks@=\toks15
)
(/usr/share/texmf/tex/latex/graphics/graphics.sty
Package: graphics 2001/07/07 v1.0n Standard LaTeX Graphics (DPC,SPQR)

(/usr/share/texmf/tex/latex/graphics/trig.sty
Package: trig 1999/03/16 v1.09 sin cos tan (DPC)
)
(/home/rk/lib/latex/AASTEX50/graphics.cfg)
Package graphics Info: Driver file: dvips.def on input line 80.

(/usr/share/texmf/tex/latex/graphics/dvips.def
File: dvips.def 1999/02/16 v3.0i Driver-dependant file (DPC,SPQR)
))
\Gin@req@height=\dimen104
\Gin@req@width=\dimen105
)
(/usr/share/texmf/tex/latex/amsfonts/amssymb.sty
Package: amssymb 2002/01/22 v2.2d

(/usr/share/texmf/tex/latex/amsfonts/amsfonts.sty
Package: amsfonts 2001/10/25 v2.2f
\@emptytoks=\toks16
LaTeX Font Info:    Redeclaring symbol font `AMSa' on input line 85.
LaTeX Font Info:    Overwriting symbol font `AMSa' in version `normal'
(Font)                  U/msa/m/n --> U/msa/m/n on input line 85.
LaTeX Font Info:    Overwriting symbol font `AMSa' in version `bold'
(Font)                  U/msa/m/n --> U/msa/m/n on input line 85.
\symAMSb=\mathgroup7
LaTeX Font Info:    Overwriting math alphabet `\mathfrak' in version `bold'
(Font)                  U/euf/m/n --> U/euf/b/n on input line 132.
)
LaTeX Font Info:    Redeclaring math symbol \leqslant on input line 117.
LaTeX Font Info:    Redeclaring math symbol \geqslant on input line 124.
)
(/usr/share/texmf/tex/generic/babel/babel.sty
Package: babel 2004/11/20 v3.8d The Babel package

(/usr/share/texmf/tex/generic/babel/english.ldf
Language: english 2004/06/14 v3.3o English support from the babel system

(/usr/share/texmf/tex/generic/babel/babel.def
File: babel.def 2004/11/20 v3.8d Babel common definitions
\babel@savecnt=\count89
\U@D=\dimen106
)
\l@british = a dialect from \language\l@english 
\l@UKenglish = a dialect from \language\l@english 
\l@canadian = a dialect from \language\l@american 
\l@australian = a dialect from \language\l@british 
\l@newzealand = a dialect from \language\l@british 
)) (./kurosawa.aux)
\openout1 = `kurosawa.aux'.

LaTeX Font Info:    Checking defaults for OML/cmm/m/it on input line 39.
LaTeX Font Info:    ... okay on input line 39.
LaTeX Font Info:    Checking defaults for T1/cmr/m/n on input line 39.
LaTeX Font Info:    ... okay on input line 39.
LaTeX Font Info:    Checking defaults for OT1/cmr/m/n on input line 39.
LaTeX Font Info:    ... okay on input line 39.
LaTeX Font Info:    Checking defaults for OMS/cmsy/m/n on input line 39.
LaTeX Font Info:    ... okay on input line 39.
LaTeX Font Info:    Checking defaults for OMX/cmex/m/n on input line 39.
LaTeX Font Info:    ... okay on input line 39.
LaTeX Font Info:    Checking defaults for U/cmr/m/n on input line 39.
LaTeX Font Info:    ... okay on input line 39.
LaTeX Font Info:    Try loading font information for T1+ptm on input line 39.

(/usr/share/texmf/tex/latex/psnfss/t1ptm.fd
File: t1ptm.fd 2001/06/04 font definitions for T1/ptm.
)
LaTeX Font Info:    Font shape `T1/ptm/bx/n' in size <17.28> not available
(Font)              Font shape `T1/ptm/b/n' tried instead on input line 51.
LaTeX Font Info:    Try loading font information for U+eur on input line 51.

(/usr/share/texmf/tex/latex/amsfonts/ueur.fd
File: ueur.fd 2002/01/19 v2.2g AMS font definitions
)
LaTeX Font Info:    Try loading font information for U+msa on input line 51.

(/usr/share/texmf/tex/latex/amsfonts/umsa.fd
File: umsa.fd 2002/01/19 v2.2g AMS font definitions
)
LaTeX Font Info:    Try loading font information for U+msb on input line 51.

(/usr/share/texmf/tex/latex/amsfonts/umsb.fd
File: umsb.fd 2002/01/19 v2.2g AMS font definitions
)
LaTeX Font Info:    Font shape `T1/ptm/bx/n' in size <9> not available
(Font)              Font shape `T1/ptm/b/n' tried instead on input line 55.

Underfull \hbox (badness 10000) in paragraph at lines 55--56

 []

LaTeX Font Info:    Font shape `T1/ptm/bx/n' in size <10> not available
(Font)              Font shape `T1/ptm/b/n' tried instead on input line 80.

Underfull \vbox (badness 10000) has occurred while \output is active []

LaTeX Font Info:    Font shape `T1/ptm/bx/n' in size <8> not available
(Font)              Font shape `T1/ptm/b/n' tried instead on input line 144.
LaTeX Font Info:    Try loading font information for OMS+ptm on input line 144.


(/usr/share/texmf/tex/latex/psnfss/omsptm.fd
File: omsptm.fd 
)
LaTeX Font Info:    Font shape `OMS/ptm/m/n' in size <8> not available
(Font)              Font shape `OMS/cmsy/m/n' tried instead on input line 144.
 [1


]
File: figures/discwind.eps Graphic file (type eps)
 <figures/discwind.eps>

LaTeX Warning: Reference `ig:config_discwind' on page 2 undefined on input line
 314.

[2]
Underfull \hbox (badness 2521) in paragraph at lines 379--391
[]\T1/ptm/m/n/9 Knigge, Woods, & Drew (1995) in-tro-duced the ``split-
 []


Underfull \vbox (badness 10000) has occurred while \output is active []


Underfull \vbox (badness 10000) has occurred while \output is active []

 [3]
File: plots/dw_vp_vphi.eps Graphic file (type eps)

<plots/dw_vp_vphi.eps>
File: plots/dw_rho.eps Graphic file (type eps)
 <plots/dw_rho.eps>
Overfull \hbox (3.17484pt too wide) in paragraph at lines 487--495
 [] 
 []

[4]
Underfull \hbox (badness 1400) in paragraph at lines 657--667
\T1/ptm/m/n/9 where $\OML/cmm/m/it/9 a \OT1/cmr/m/n/9 = ^^@\OML/cmm/m/it/9 =\OT
1/cmr/m/n/9 4\OML/cmm/m/it/9 ^^Y\OT1/cmr/m/n/9 ^^A\OML/cmm/m/it/9 ^^W[]$\T1/ptm
/m/n/9 , $\OML/cmm/m/it/9 y \OT1/cmr/m/n/9 = [] \OML/cmm/m/it/9 =\OT1/cmr/m/n/9
 ^^A\OML/cmm/m/it/9 ^^W[]$\T1/ptm/m/n/9 , and $\OML/cmm/m/it/9 y[] \OT1/cmr/m/n
/9 =
 []


Underfull \vbox (badness 10000) has occurred while \output is active []

 [5]
[6]
File: figures/atlas_ha_i55_acc_model_final.eps Graphic file (type eps)
 <figures/atlas_ha_i55_acc_model_final.eps>
File: figures/broadening.eps Graphic file (type eps)
 <figures/broadening.eps>
File: figures/acc_inc_effect.eps Graphic file (type eps)

<figures/acc_inc_effect.eps>
File: figures/disc_wind_acc_mdot_effect.eps Graphic file (type eps)
 <figures/disc_wind_acc_mdot_effect.eps>
File: figures/atlas_ha_i55_discwind_only_final.eps Graphic file (type eps)

<figures/atlas_ha_i55_discwind_only_final.eps>

LaTeX Warning: Reference `fig:atlas_wind_model' on page 7 undefined on input li
ne 1138.


LaTeX Warning: Reference `fig:atlas_wind_model' on page 7 undefined on input li
ne 1138.

File: figures/atlas_ha_i55_acc_discwind_final.eps Graphic file (type eps)
<figures/atlas_ha_i55_acc_discwind_final.eps>
Underfull \vbox (badness 10000) has occurred while \output is active []

 [7]

LaTeX Warning: Reference `fig:wind_vr_rho' on page 8 undefined on input line 12
18.


LaTeX Warning: Reference `fig:wind_vr_rho' on page 8 undefined on input line 12
28.


Underfull \vbox (badness 10000) has occurred while \output is active []

 [8]

LaTeX Warning: Reference `fig:effect_wind_mdot' on page 9 undefined on input li
ne 1237.


LaTeX Warning: Reference `eq:wind_density_final' on page 9 undefined on input l
ine 1240.


Underfull \vbox (badness 10000) has occurred while \output is active []



LaTeX Warning: Reference `fig:atlas_wind_model' on page 9 undefined on input li
ne 1267.


LaTeX Warning: Reference `fig:atlas_disc_wind_acc_model' on page 9 undefined on
 input line 1268.


Underfull \vbox (badness 10000) has occurred while \output is active []

 [9]

LaTeX Warning: Reference `fig:atlas_disc_wind_acc_model' on page 10 undefined o
n input line 1336.


LaTeX Warning: Reference `fig:atlas_disc_wind_acc_model' on page 10 undefined o
n input line 1340.


LaTeX Warning: Reference `sub:Alternative-model-disc-wind' on page 10 undefined
 on input line 1350.


LaTeX Warning: Reference `sub:Alternative-model-disc-wind' on page 10 undefined
 on input line 1350.

[10]

LaTeX Warning: Reference `fig:atlas_disc_wind_acc_model' on page 11 undefined o
n input line 1472.


Underfull \vbox (badness 6380) has occurred while \output is active []

File: figures/atlas_reipurth_like_discwind.eps Graphic file (type eps)

<figures/atlas_reipurth_like_discwind.eps>
Overfull \hbox (3.74889pt too wide) in paragraph at lines 1569--1649
 [] 
 []

[11]

LaTeX Warning: Reference `sub:model-acc-disc-wind' on page 12 undefined on inpu
t line 1680.


LaTeX Warning: Reference `sub:model-acc-disc-wind' on page 12 undefined on inpu
t line 1684.

File: figures/disc_wind_acc_inc_effect_m9_b2_t7000.eps Graphic file (type eps)
<figures/disc_wind_acc_inc_effect_m9_b2_t7000.eps>
File: figures/discwind_acc_inc_effect_m9_b1_t7000.eps Graphic file (type eps)

<figures/discwind_acc_inc_effect_m9_b1_t7000.eps>

LaTeX Warning: Reference `sub:model-acc-disc-wind' on page 12 undefined on inpu
t line 1751.


LaTeX Warning: Reference `sub:model-acc-disc-wind' on page 12 undefined on inpu
t line 1751.


LaTeX Warning: Reference `sub:model-acc-disc-wind' on page 12 undefined on inpu
t line 1751.


LaTeX Warning: Reference `sub:model-acc-disc-wind' on page 12 undefined on inpu
t line 1751.


LaTeX Warning: Reference `sub:model-acc-disc-wind' on page 12 undefined on inpu
t line 1762.


LaTeX Warning: Reference `fig:effect_alpha_disc' on page 12 undefined on input 
line 1786.


Underfull \vbox (badness 10000) has occurred while \output is active []



LaTeX Warning: Reference `fig:config_dipolar' on page 12 undefined on input lin
e 1823.


LaTeX Warning: Reference `sub:Alternative-model-disc-wind' on page 12 undefined
 on input line 1826.


LaTeX Warning: Reference `fig:atlas_disc_wind_acc_model' on page 12 undefined o
n input line 1830.

[12]
Underfull \vbox (badness 10000) has occurred while \output is active []


Underfull \hbox (badness 1067) in paragraph at lines 1890--1892
\T1/ptm/m/n/9 Authors thank Jorick Vink for pro-vid-ing us the H$\OML/cmm/m/it/
9 $ \T1/ptm/m/n/9 data of
 []


Underfull \hbox (badness 2418) in paragraph at lines 1890--1892
\T1/ptm/m/n/9 T Tau. This work is sup-ported by PPARC stan-dard grand
 []

(./kurosawa.bbl [13]) [14] (./kurosawa.aux)

LaTeX Warning: There were undefined references.

 ) 
Here is how much of TeX's memory you used:
 2122 strings out of 94500
 24386 string characters out of 1172833
 83390 words of memory out of 3500000
 5246 multiletter control sequences out of 10000+50000
 49391 words of font info for 94 fonts, out of 500000 for 2000
 580 hyphenation exceptions out of 1000
 31i,14n,34p,1399b,394s stack positions out of 1500i,500n,5000p,200000b,5000s

Output written on kurosawa.dvi (14 pages, 102452 bytes).
