This is TeX, Version 3.14159 (Web2C 7.4.5) (format=latex 2004.12.17)  1 SEP 2005 15:03
**main
(./main.tex
LaTeX2e <2001/06/01>
Babel <v3.7h> and hyphenation patterns for american, french, german, ngerman, n
ohyphenation, loaded.
(/home/rk/lib/latex/MNRAS/mn2e.cls
Document Class: mn2e 2001/02/06 v2.2 LaTeX2e MN document class
Document Style `MN' v2.2, released 2001 February 20
\math@groups=\toks14
LaTeX Font Info:    Overwriting symbol font `symbols' in version `bold'
(Font)                  OMS/cmsy/b/n --> OMS/cmsy/b/n on input line 223.
\symbmisymbols=\mathgroup4
\symUPM=\mathgroup5
LaTeX Font Info:    Overwriting symbol font `UPM' in version `bold'
(Font)                  U/eur/m/n --> U/eur/b/n on input line 260.
\symAMSa=\mathgroup6
\SFB@measure=\dimen102
\realparindent=\skip41
\c@part=\count79
\c@section=\count80
\c@subsection=\count81
\c@subsubsection=\count82
\c@paragraph=\count83
\c@subparagraph=\count84
\@indentskip=\skip42
\smallindent=\skip43
\@footindent=\skip44
\@leftskip=\skip45
\c@dummy=\count85
(/home/rk/lib/latex/AASTEX50/natbib.sty
Package: natbib 1998/07/14 6.8c (PWD)
\bibhang=\skip46
\bibsep=\skip47
LaTeX Info: Redefining \cite on input line 467.
\c@NAT@ctr=\count86
)
\c@table=\count87
\c@figure=\count88
\mathindent=\dimen103
)
(/usr/share/texmf/tex/latex/base/fontenc.sty
Package: fontenc 2001/06/05 v1.94 Standard LaTeX package

(/usr/share/texmf/tex/latex/base/t1enc.def
File: t1enc.def 2001/06/05 v1.94 Standard LaTeX file
LaTeX Font Info:    Redeclaring font encoding T1 on input line 38.
))
(/usr/share/texmf/tex/latex/base/inputenc.sty
Package: inputenc 2001/07/10 v0.99a Input encoding file 

(/usr/share/texmf/tex/latex/base/latin1.def
File: latin1.def 2001/07/10 v0.99a Input encoding file 
))
(/usr/share/texmf/tex/latex/graphics/graphicx.sty
Package: graphicx 1999/02/16 v1.0f Enhanced LaTeX Graphics (DPC,SPQR)

(/usr/share/texmf/tex/latex/graphics/keyval.sty
Package: keyval 1999/03/16 v1.13 key=value parser (DPC)
\KV@toks@=\toks15
)
(/usr/share/texmf/tex/latex/graphics/graphics.sty
Package: graphics 2001/07/07 v1.0n Standard LaTeX Graphics (DPC,SPQR)

(/usr/share/texmf/tex/latex/graphics/trig.sty
Package: trig 1999/03/16 v1.09 sin cos tan (DPC)
)
(/home/rk/lib/latex/AASTEX50/graphics.cfg)
Package graphics Info: Driver file: dvips.def on input line 80.

(/usr/share/texmf/tex/latex/graphics/dvips.def
File: dvips.def 1999/02/16 v3.0i Driver-dependant file (DPC,SPQR)
))
\Gin@req@height=\dimen104
\Gin@req@width=\dimen105
)
(/usr/share/texmf/tex/latex/amsfonts/amssymb.sty
Package: amssymb 2002/01/22 v2.2d

(/usr/share/texmf/tex/latex/amsfonts/amsfonts.sty
Package: amsfonts 2001/10/25 v2.2f
\@emptytoks=\toks16
LaTeX Font Info:    Redeclaring symbol font `AMSa' on input line 85.
LaTeX Font Info:    Overwriting symbol font `AMSa' in version `normal'
(Font)                  U/msa/m/n --> U/msa/m/n on input line 85.
LaTeX Font Info:    Overwriting symbol font `AMSa' in version `bold'
(Font)                  U/msa/m/n --> U/msa/m/n on input line 85.
\symAMSb=\mathgroup7
LaTeX Font Info:    Overwriting math alphabet `\mathfrak' in version `bold'
(Font)                  U/euf/m/n --> U/euf/b/n on input line 132.
)
LaTeX Font Info:    Redeclaring math symbol \leqslant on input line 117.
LaTeX Font Info:    Redeclaring math symbol \geqslant on input line 124.
)
(/usr/share/texmf/tex/latex/graphics/lscape.sty
Package: lscape 2000/10/22 v3.01 Landscape Pages (DPC)
)
(/usr/share/texmf/tex/latex/psnfss/times.sty
Package: times 2002/09/08 PSNFSS-v9.0a (SPQR) 
)
(/usr/share/texmf/tex/generic/babel/babel.sty
Package: babel 2001/03/01 v3.7h The Babel package

(/usr/share/texmf/tex/generic/babel/english.ldf
Language: english 2001/04/15 v3.3l English support from the babel system

(/usr/share/texmf/tex/generic/babel/babel.def
File: babel.def 2001/03/01 v3.7h Babel common definitions
\babel@savecnt=\count89
\U@D=\dimen106
)
\l@canadian = a dialect from \language\l@english 
))

LaTeX Warning: Unused global option(s):
    [oneside].

(./main.aux)
\openout1 = `main.aux'.

LaTeX Font Info:    Checking defaults for OML/cmm/m/it on input line 40.
LaTeX Font Info:    ... okay on input line 40.
LaTeX Font Info:    Checking defaults for T1/cmr/m/n on input line 40.
LaTeX Font Info:    ... okay on input line 40.
LaTeX Font Info:    Checking defaults for OT1/cmr/m/n on input line 40.
LaTeX Font Info:    ... okay on input line 40.
LaTeX Font Info:    Checking defaults for OMS/cmsy/m/n on input line 40.
LaTeX Font Info:    ... okay on input line 40.
LaTeX Font Info:    Checking defaults for OMX/cmex/m/n on input line 40.
LaTeX Font Info:    ... okay on input line 40.
LaTeX Font Info:    Checking defaults for U/cmr/m/n on input line 40.
LaTeX Font Info:    ... okay on input line 40.
LaTeX Font Info:    Try loading font information for T1+ptm on input line 40.
 (/usr/share/texmf/tex/latex/psnfss/t1ptm.fd
File: t1ptm.fd 2001/06/04 font definitions for T1/ptm.
)
LaTeX Font Info:    Font shape `T1/ptm/bx/n' in size <17.28> not available
(Font)              Font shape `T1/ptm/b/n' tried instead on input line 49.
LaTeX Font Info:    Try loading font information for U+eur on input line 49.

(/usr/share/texmf/tex/latex/amsfonts/ueur.fd
File: ueur.fd 2002/01/19 v2.2g AMS font definitions
)
LaTeX Font Info:    Try loading font information for U+msa on input line 49.

(/usr/share/texmf/tex/latex/amsfonts/umsa.fd
File: umsa.fd 2002/01/19 v2.2g AMS font definitions
)
LaTeX Font Info:    Try loading font information for U+msb on input line 49.

(/usr/share/texmf/tex/latex/amsfonts/umsb.fd
File: umsb.fd 2002/01/19 v2.2g AMS font definitions
)
LaTeX Font Info:    Font shape `T1/ptm/bx/n' in size <9> not available
(Font)              Font shape `T1/ptm/b/n' tried instead on input line 53.

Underfull \hbox (badness 10000) in paragraph at lines 53--54

 []

LaTeX Font Info:    Font shape `T1/ptm/bx/n' in size <10> not available
(Font)              Font shape `T1/ptm/b/n' tried instead on input line 62.

Underfull \vbox (badness 10000) has occurred while \output is active []

LaTeX Font Info:    Font shape `T1/ptm/bx/n' in size <8> not available
(Font)              Font shape `T1/ptm/b/n' tried instead on input line 149.
LaTeX Font Info:    Try loading font information for OMS+ptm on input line 149.


(/usr/share/texmf/tex/latex/psnfss/omsptm.fd
File: omsptm.fd 
)
LaTeX Font Info:    Font shape `OMS/ptm/m/n' in size <8> not available
(Font)              Font shape `OMS/cmsy/m/n' tried instead on input line 149.
 [1


]

Package natbib Warning: Citation `shu:1995' on page 2 undefined on input line 1
56.

File: figures/overview2.eps Graphic file (type eps)
<figures/overview2.eps> [2] [3]
Underfull \hbox (badness 1221) in paragraph at lines 407--409
[]\T1/ptm/m/n/9 Further, the den-sity of the wind is as-sumed to be axi-
 []

File: plots/discwind_vr_pol.eps Graphic file (type eps)
<plots/discwind_vr_pol.eps>
File: plots/density_wind_pol.eps Graphic file (type eps)
 <plots/density_wind_pol.eps>
Overfull \hbox (2.9136pt too wide) in paragraph at lines 442--450
 [] 
 []

[4]
Underfull \vbox (badness 10000) has occurred while \output is active []


Underfull \hbox (badness 1400) in paragraph at lines 592--599
\T1/ptm/m/n/9 where $\OML/cmm/m/it/9 a \OT1/cmr/m/n/9 = ^^@\OML/cmm/m/it/9 =\OT
1/cmr/m/n/9 4\OML/cmm/m/it/9 ^^Y\OT1/cmr/m/n/9 ^^A\OML/cmm/m/it/9 ^^W[]$\T1/ptm
/m/n/9 , $\OML/cmm/m/it/9 y \OT1/cmr/m/n/9 = [] \OML/cmm/m/it/9 =\OT1/cmr/m/n/9
 ^^A\OML/cmm/m/it/9 ^^W[]$\T1/ptm/m/n/9 , and $\OML/cmm/m/it/9 y[] \OT1/cmr/m/n
/9 =
 []

[5]

LaTeX Warning: Reference `sub:model-Effect-of-scattering' on page 6 undefined o
n input line 704.

[6]
File: figures/atlas_ha_i55_acc_model_new3.eps Graphic file (type eps)
 <figures/atlas_ha_i55_acc_model_new3.eps>
Overfull \hbox (2.9075pt too wide) in paragraph at lines 800--801
 [] 
 []

File: figures/broadening.eps Graphic file (type eps)
<figures/broadening.eps>
File: figures/acc_inc_effect.eps Graphic file (type eps)
 <figures/acc_inc_effect.eps>
Underfull \vbox (badness 10000) has occurred while \output is active []


Underfull \vbox (badness 10000) has occurred while \output is active []

 [7]
(./main.bbl [8])

Package natbib Warning: There were undefined citations.

[9

] (./main.aux)

LaTeX Warning: There were undefined references.

 ) 
Here is how much of TeX's memory you used:
 2099 strings out of 95847
 23493 string characters out of 1195961
 82758 words of memory out of 1000001
 4983 multiletter control sequences out of 10000+50000
 50936 words of font info for 99 fonts, out of 500000 for 1000
 14 hyphenation exceptions out of 1000
 31i,14n,34p,1127b,454s stack positions out of 1500i,500n,5000p,200000b,5000s

Output written on main.dvi (9 pages, 65176 bytes).
