LaTeX Warning: Command \r invalid in math mode on input line 227.
LaTeX Warning: Reference `lum_sub' on page 7 undefined on input line 914.
LaTeX Warning: Reference `delta_radius' on page 8 undefined on input line 924.
LaTeX Warning: Reference `delta_radius' on page 8 undefined on input line 932.
LaTeX Warning: Reference `delta_radius' on page 8 undefined on input line 961.
LaTeX Warning: Reference `delta_radius' on page 8 undefined on input line 962.
LaTeX Warning: Reference `no_sub_183' on page 10 undefined on input line 1064.
LaTeX Warning: Reference `sub_181' on page 10 undefined on input line 1064.
LaTeX Warning: Reference `no_sub_183' on page 10 undefined on input line 1067.
LaTeX Warning: Reference `sub_169' on page 10 undefined on input line 1069.
LaTeX Warning: Reference `sub_181' on page 10 undefined on input line 1069.
LaTeX Warning: Reference `no_sub_183' on page 10 undefined on input line 1072.
LaTeX Warning: Reference `sub_181' on page 10 undefined on input line 1072.
LaTeX Warning: Reference `no_sub_183' on page 10 undefined on input line 1074.
LaTeX Warning: Reference `sub_181' on page 10 undefined on input line 1074.
LaTeX Warning: Reference `sub_169' on page 10 undefined on input line 1082.
LaTeX Warning: Reference `sub_181' on page 10 undefined on input line 1082.
LaTeX Warning: Reference `no_sub_183' on page 10 undefined on input line 1108.
LaTeX Warning: Reference `no_sub_183' on page 10 undefined on input line 1111.
LaTeX Warning: Reference `sub_169' on page 10 undefined on input line 1114.
LaTeX Warning: Reference `sub_169' on page 10 undefined on input line 1116.
LaTeX Warning: Reference `sub_169' on page 10 undefined on input line 1120.
LaTeX Warning: Reference `sub_169' on page 10 undefined on input line 1120.
LaTeX Warning: Reference `sub_169' on page 10 undefined on input line 1126.
LaTeX Warning: Reference `sub_175' on page 10 undefined on input line 1131.
LaTeX Warning: Reference `sub_169' on page 10 undefined on input line 1133.
LaTeX Warning: Reference `sub_175' on page 10 undefined on input line 1137.
LaTeX Warning: Reference `sub_175' on page 10 undefined on input line 1138.
LaTeX Warning: Reference `sub_175' on page 10 undefined on input line 1144.
LaTeX Warning: Reference `sub_175' on page 10 undefined on input line 1146.
LaTeX Warning: Reference `sub_175' on page 10 undefined on input line 1148.
LaTeX Warning: Reference `sub_179' on page 10 undefined on input line 1155.
LaTeX Warning: Reference `sub_181' on page 10 undefined on input line 1156.
LaTeX Warning: Reference `sub_179' on page 10 undefined on input line 1161.
LaTeX Warning: Reference `sub_181' on page 10 undefined on input line 1161.
LaTeX Warning: Reference `sub_179' on page 10 undefined on input line 1166.
LaTeX Warning: Reference `sub_181' on page 10 undefined on input line 1166.
LaTeX Warning: Command \r invalid in math mode on input line 1248.
LaTeX Warning: Command \r invalid in math mode on input line 1248.
LaTeX Warning: Reference `delta_radius' on page 12 undefined on input line 1283
LaTeX Warning: Command \r invalid in math mode on input line 1343.
LaTeX Warning: Command \r invalid in math mode on input line 1343.
LaTeX Warning: Reference `no_sub_183' on page 14 undefined on input line 1491.
LaTeX Warning: Reference `sub_181' on page 14 undefined on input line 1492.
LaTeX Warning: Reference `sub_169' on page 14 undefined on input line 1505.
LaTeX Warning: Reference `sub_175' on page 14 undefined on input line 1506.
LaTeX Warning: Reference `sub_179' on page 14 undefined on input line 1508.
LaTeX Warning: Reference `sub_181' on page 14 undefined on input line 1508.
LaTeX Warning: Reference `sub_169' on page 14 undefined on input line 1532.
LaTeX Warning: Reference `sub_175' on page 14 undefined on input line 1532.
LaTeX Warning: Reference `sub_169' on page 14 undefined on input line 1532.
LaTeX Warning: Reference `sub_175' on page 14 undefined on input line 1532.
LaTeX Warning: Reference `sub_179' on page 14 undefined on input line 1552.
LaTeX Warning: Reference `sub_181' on page 14 undefined on input line 1552.
LaTeX Warning: Reference `sub_179' on page 14 undefined on input line 1552.
LaTeX Warning: Reference `sub_181' on page 14 undefined on input line 1552.
LaTeX Warning: Reference `sub_169' on page 14 undefined on input line 1557.
LaTeX Warning: Reference `sub_175' on page 14 undefined on input line 1557.
LaTeX Warning: Reference `sub_169' on page 15 undefined on input line 1579.
LaTeX Warning: Reference `sub_179' on page 15 undefined on input line 1579.
LaTeX Warning: Reference `sub_169' on page 15 undefined on input line 1583.
LaTeX Warning: Reference `sub_179' on page 15 undefined on input line 1588.
LaTeX Warning: Reference `sub_169' on page 15 undefined on input line 1616.
LaTeX Warning: Reference `sub_179' on page 15 undefined on input line 1616.
LaTeX Warning: Reference `sub_169' on page 15 undefined on input line 1616.
LaTeX Warning: Reference `sub_179' on page 15 undefined on input line 1616.
LaTeX Warning: Reference `sub_169' on page 15 undefined on input line 1628.
LaTeX Warning: Reference `sub_179' on page 15 undefined on input line 1628.
LaTeX Warning: Reference `sub_179' on page 15 undefined on input line 1666.
LaTeX Warning: Reference `sub_181' on page 15 undefined on input line 1666.
LaTeX Warning: Reference `no_sub_183' on page 22 undefined on input line 2045.
LaTeX Warning: Reference `sub_181' on page 22 undefined on input line 2045.
LaTeX Warning: Reference `no_sub_183' on page 22 undefined on input line 2045.
LaTeX Warning: Reference `sub_181' on page 22 undefined on input line 2045.
LaTeX Warning: Reference `sub_179' on page 23 undefined on input line 2145.
LaTeX Warning: Reference `sub_169' on page 23 undefined on input line 2157.
LaTeX Warning: Reference `sub_175' on page 23 undefined on input line 2157.
LaTeX Warning: Reference `sub_179' on page 23 undefined on input line 2157.
LaTeX Warning: Reference `sub_181' on page 23 undefined on input line 2158.
LaTeX Warning: Reference `sub_169' on page 23 undefined on input line 2186.
LaTeX Warning: Reference `sub_175' on page 23 undefined on input line 2186.
LaTeX Warning: Reference `sub_179' on page 23 undefined on input line 2186.
LaTeX Warning: Reference `sub_181' on page 23 undefined on input line 2186.
LaTeX Warning: Reference `sub_169' on page 23 undefined on input line 2186.
LaTeX Warning: Reference `sub_175' on page 23 undefined on input line 2186.
LaTeX Warning: Reference `sub_179' on page 23 undefined on input line 2186.
LaTeX Warning: Reference `sub_181' on page 23 undefined on input line 2186.
LaTeX Warning: Reference `sub_169' on page 24 undefined on input line 2228.
LaTeX Warning: Reference `sub_175' on page 24 undefined on input line 2228.
LaTeX Warning: Reference `sub_179' on page 24 undefined on input line 2228.
LaTeX Warning: Reference `sub_181' on page 24 undefined on input line 2228.
LaTeX Warning: Reference `sub_169' on page 24 undefined on input line 2228.
LaTeX Warning: Reference `sub_175' on page 24 undefined on input line 2228.
LaTeX Warning: Reference `sub_179' on page 24 undefined on input line 2228.
LaTeX Warning: Reference `sub_181' on page 24 undefined on input line 2228.
LaTeX Warning: Command \r invalid in math mode on input line 3423.
LaTeX Warning: Command \r invalid in math mode on input line 3428.
LaTeX Warning: Command \r invalid in math mode on input line 3431.
LaTeX Warning: There were undefined references.
